<?xml version="1.0" encoding="UTF-8"?>
<testng-results skipped="0" failed="0" ignored="0" total="1" passed="1">
  <reporter-output>
  </reporter-output>
  <suite name="Suite" duration-ms="102" started-at="2020-01-08T11:16:55 EST" finished-at="2020-01-08T11:16:55 EST">
    <groups>
    </groups>
    <test name="Test" duration-ms="102" started-at="2020-01-08T11:16:55 EST" finished-at="2020-01-08T11:16:55 EST">
      <class name="com.codebind.TC002">
        <test-method status="PASS" signature="NativeAppAndroid()[pri:0, instance:com.codebind.TC002@5d76b067]" name="NativeAppAndroid" duration-ms="15" started-at="2020-01-08T11:16:55 EST" finished-at="2020-01-08T11:16:55 EST">
          <reporter-output>
          </reporter-output>
        </test-method> <!-- NativeAppAndroid -->
      </class> <!-- com.codebind.TC002 -->
    </test> <!-- Test -->
  </suite> <!-- Suite -->
</testng-results>
