<?xml version="1.0" encoding="UTF-8"?>
<!-- Generated by org.testng.reporters.JUnitXMLReporter -->
<testsuite ignored="0" hostname="DoBiggsLT" failures="0" tests="3" name="Test" time="0.064" errors="0" timestamp="2020-01-13T14:40:07 EST">
  <testcase classname="com.codebind.TC001" name="CreateOrder" time="0.007"/>
  <testcase classname="com.codebind.TC002" name="DeleteOrder" time="0.001"/>
  <testcase classname="com.codebind.TC003" name="PrintOrder" time="0.0"/>
</testsuite> <!-- Test -->
