<?xml version="1.0" encoding="UTF-8"?>
<testng-results ignored="0" total="1" passed="1" failed="0" skipped="0">
  <reporter-output>
  </reporter-output>
  <suite started-at="2020-01-09T12:31:38 EST" name="Suite" finished-at="2020-01-09T12:31:38 EST" duration-ms="63">
    <groups>
    </groups>
    <test started-at="2020-01-09T12:31:38 EST" name="Test" finished-at="2020-01-09T12:31:38 EST" duration-ms="63">
      <class name="com.codebind.TC002">
        <test-method signature="NativeAppAndroid()[pri:0, instance:com.codebind.TC002@5c5eefef]" started-at="2020-01-09T12:31:38 EST" name="NativeAppAndroid" finished-at="2020-01-09T12:31:38 EST" duration-ms="9" status="PASS">
          <reporter-output>
          </reporter-output>
        </test-method> <!-- NativeAppAndroid -->
      </class> <!-- com.codebind.TC002 -->
    </test> <!-- Test -->
  </suite> <!-- Suite -->
</testng-results>
