<?xml version="1.0" encoding="UTF-8"?>
<testng-results skipped="0" failed="0" ignored="0" total="2" passed="2">
  <reporter-output>
  </reporter-output>
  <suite name="Suite" duration-ms="68" started-at="2020-01-13T13:06:42 EST" finished-at="2020-01-13T13:06:42 EST">
    <groups>
    </groups>
    <test name="Test" duration-ms="68" started-at="2020-01-13T13:06:42 EST" finished-at="2020-01-13T13:06:42 EST">
      <class name="com.codebind.TC001">
        <test-method status="PASS" signature="CreateOrder()[pri:0, instance:com.codebind.TC001@2d6eabae]" name="CreateOrder" duration-ms="11" started-at="2020-01-13T13:06:42 EST" finished-at="2020-01-13T13:06:42 EST">
          <reporter-output>
          </reporter-output>
        </test-method> <!-- CreateOrder -->
      </class> <!-- com.codebind.TC001 -->
      <class name="com.codebind.TC002">
        <test-method status="PASS" signature="DeleteOrder()[pri:0, instance:com.codebind.TC002@4e7dc304]" name="DeleteOrder" duration-ms="2" started-at="2020-01-13T13:06:42 EST" finished-at="2020-01-13T13:06:42 EST">
          <reporter-output>
          </reporter-output>
        </test-method> <!-- DeleteOrder -->
      </class> <!-- com.codebind.TC002 -->
    </test> <!-- Test -->
  </suite> <!-- Suite -->
</testng-results>
